#-----------------------------------------------------------
# Vivado v2021.1 (64-bit)
# SW Build 3247384 on Thu Jun 10 19:36:33 MDT 2021
# IP Build 3246043 on Fri Jun 11 00:30:35 MDT 2021
# Start of session at: Thu Nov 24 15:16:12 2022
# Process ID: 5288
# Current directory: D:/Proyectos/FPGA/ClaveSecreta
# Command line: vivado.exe -gui_launcher_event rodinguilauncherevent6484 D:\Proyectos\FPGA\ClaveSecreta\ClaveSecreta.xpr
# Log file: D:/Proyectos/FPGA/ClaveSecreta/vivado.log
# Journal file: D:/Proyectos/FPGA/ClaveSecreta\vivado.jou
#-----------------------------------------------------------
start_gui
open_project D:/Proyectos/FPGA/ClaveSecreta/ClaveSecreta.xpr
INFO: [Project 1-313] Project file moved from 'C:/Users/Cristina/Downloads/SED/TrabajoVHDL/ClaveSecreta' since last save.
WARNING: [filemgmt 56-2] Board Part Repository Path: Could not find the directory 'D:/../../MrWenas/AppData/Roaming/Xilinx/Vivado/2021.1/xhub/board_store/xilinx_board_store', nor could it be found using path 'C:/Users/MrWenas/AppData/Roaming/Xilinx/Vivado/2021.1/xhub/board_store/xilinx_board_store'.
WARNING: [filemgmt 56-2] Default IP Output Path : Could not find the directory 'D:/Proyectos/FPGA/ClaveSecreta/ClaveSecreta.gen/sources_1', nor could it be found using path 'C:/Users/Cristina/Downloads/SED/TrabajoVHDL/ClaveSecreta/ClaveSecreta.gen/sources_1'.
Scanning sources...
Finished scanning sources
INFO: [IP_Flow 19-234] Refreshing IP repositories
INFO: [IP_Flow 19-1704] No user IP repositories specified
INFO: [IP_Flow 19-2313] Loaded Vivado IP repository 'D:/Xilinx/software/Vivado/2021.1/data/ip'.
open_project: Time (s): cpu = 00:00:18 ; elapsed = 00:00:12 . Memory (MB): peak = 1460.039 ; gain = 0.000
update_compile_order -fileset sources_1
close [ open D:/Proyectos/FPGA/ClaveSecreta/ClaveSecreta.srcs/sources_1/new/memoria.vhd w ]
add_files D:/Proyectos/FPGA/ClaveSecreta/ClaveSecreta.srcs/sources_1/new/memoria.vhd
update_compile_order -fileset sources_1
exit
INFO: [Common 17-206] Exiting Vivado at Thu Nov 24 15:21:32 2022...
