#-----------------------------------------------------------
# Vivado v2021.1 (64-bit)
# SW Build 3247384 on Thu Jun 10 19:36:33 MDT 2021
# IP Build 3246043 on Fri Jun 11 00:30:35 MDT 2021
# Start of session at: Thu Nov 24 14:54:04 2022
# Process ID: 6944
# Current directory: C:/Users/Cristina/Downloads/SED/TrabajoVHDL/ClaveSecreta
# Command line: vivado.exe -gui_launcher_event rodinguilauncherevent8444 C:\Users\Cristina\Downloads\SED\TrabajoVHDL\ClaveSecreta\ClaveSecreta.xpr
# Log file: C:/Users/Cristina/Downloads/SED/TrabajoVHDL/ClaveSecreta/vivado.log
# Journal file: C:/Users/Cristina/Downloads/SED/TrabajoVHDL/ClaveSecreta\vivado.jou
#-----------------------------------------------------------
start_gui
open_project C:/Users/Cristina/Downloads/SED/TrabajoVHDL/ClaveSecreta/ClaveSecreta.xpr
INFO: [Project 1-313] Project file moved from 'D:/Documents/Workspaces/Vivado_Workspace/temp/ClaveSecreta' since last save.
WARNING: [filemgmt 56-3] Board Part Repository Path: Could not find the directory 'C:/Users/MrWenas/AppData/Roaming/Xilinx/Vivado/2021.1/xhub/board_store/xilinx_board_store'.
WARNING: [filemgmt 56-2] Default IP Output Path : Could not find the directory 'C:/Users/Cristina/Downloads/SED/TrabajoVHDL/ClaveSecreta/ClaveSecreta.gen/sources_1', nor could it be found using path 'D:/Documents/Workspaces/Vivado_Workspace/temp/ClaveSecreta/ClaveSecreta.gen/sources_1'.
Scanning sources...
Finished scanning sources
INFO: [IP_Flow 19-234] Refreshing IP repositories
INFO: [IP_Flow 19-1704] No user IP repositories specified
INFO: [IP_Flow 19-2313] Loaded Vivado IP repository 'C:/Xilinx/Vivado/2021.1/data/ip'.
open_project: Time (s): cpu = 00:00:31 ; elapsed = 00:00:11 . Memory (MB): peak = 1450.793 ; gain = 0.000
update_compile_order -fileset sources_1
add_files -norecurse C:/Users/Cristina/Downloads/SED/TrabajoVHDL/ClaveSecreta/ClaveSecreta.srcs/sources_1/new/comparador.vhd
update_compile_order -fileset sources_1
set_property file_type {VHDL 2008} [get_files  C:/Users/Cristina/Downloads/SED/TrabajoVHDL/ClaveSecreta/ClaveSecreta.srcs/sources_1/new/comparador.vhd]
export_ip_user_files -of_objects  [get_files C:/Users/Cristina/Downloads/SED/TrabajoVHDL/ClaveSecreta/ClaveSecreta.srcs/sources_1/new/comparador.vhd] -no_script -reset -force -quiet
remove_files  C:/Users/Cristina/Downloads/SED/TrabajoVHDL/ClaveSecreta/ClaveSecreta.srcs/sources_1/new/comparador.vhd
add_files -norecurse C:/Users/Cristina/Downloads/SED/TrabajoVHDL/ClaveSecreta/ClaveSecreta.srcs/sources_1/new/comparador.vhd
update_compile_order -fileset sources_1
export_ip_user_files -of_objects  [get_files C:/Users/Cristina/Downloads/SED/TrabajoVHDL/ClaveSecreta/ClaveSecreta.srcs/sources_1/new/comparador.vhd] -no_script -reset -force -quiet
remove_files  C:/Users/Cristina/Downloads/SED/TrabajoVHDL/ClaveSecreta/ClaveSecreta.srcs/sources_1/new/comparador.vhd
file delete -force C:/Users/Cristina/Downloads/SED/TrabajoVHDL/ClaveSecreta/ClaveSecreta.srcs/sources_1/new/comparador.vhd
close [ open C:/Users/Cristina/Downloads/SED/TrabajoVHDL/ClaveSecreta/ClaveSecreta.srcs/sources_1/new/comparador.vhd w ]
add_files C:/Users/Cristina/Downloads/SED/TrabajoVHDL/ClaveSecreta/ClaveSecreta.srcs/sources_1/new/comparador.vhd
update_compile_order -fileset sources_1
set_property file_type {VHDL 2008} [get_files  C:/Users/Cristina/Downloads/SED/TrabajoVHDL/ClaveSecreta/ClaveSecreta.srcs/sources_1/new/comparador.vhd]
update_compile_order -fileset sources_1
exit
INFO: [Common 17-206] Exiting Vivado at Thu Nov 24 15:01:14 2022...
