#-----------------------------------------------------------
# Vivado v2021.1 (64-bit)
# SW Build 3247384 on Thu Jun 10 19:36:33 MDT 2021
# IP Build 3246043 on Fri Jun 11 00:30:35 MDT 2021
# Start of session at: Thu Nov 24 14:52:38 2022
# Process ID: 1852
# Current directory: C:/Users/Cristina/Downloads/SED/TrabajoVHDL/ClaveSecreta
# Command line: vivado.exe -gui_launcher_event rodinguilauncherevent4396 C:\Users\Cristina\Downloads\SED\TrabajoVHDL\ClaveSecreta\ClaveSecreta.xpr
# Log file: C:/Users/Cristina/Downloads/SED/TrabajoVHDL/ClaveSecreta/vivado.log
# Journal file: C:/Users/Cristina/Downloads/SED/TrabajoVHDL/ClaveSecreta\vivado.jou
#-----------------------------------------------------------
start_gui
open_project C:/Users/Cristina/Downloads/SED/TrabajoVHDL/ClaveSecreta/ClaveSecreta.xpr
INFO: [Project 1-313] Project file moved from 'D:/Documents/Workspaces/Vivado_Workspace/temp/ClaveSecreta' since last save.
WARNING: [filemgmt 56-3] Board Part Repository Path: Could not find the directory 'C:/Users/MrWenas/AppData/Roaming/Xilinx/Vivado/2021.1/xhub/board_store/xilinx_board_store'.
WARNING: [filemgmt 56-2] Default IP Output Path : Could not find the directory 'C:/Users/Cristina/Downloads/SED/TrabajoVHDL/ClaveSecreta/ClaveSecreta.gen/sources_1', nor could it be found using path 'D:/Documents/Workspaces/Vivado_Workspace/temp/ClaveSecreta/ClaveSecreta.gen/sources_1'.
Scanning sources...
Finished scanning sources
INFO: [IP_Flow 19-234] Refreshing IP repositories
INFO: [IP_Flow 19-1704] No user IP repositories specified
INFO: [IP_Flow 19-2313] Loaded Vivado IP repository 'C:/Xilinx/Vivado/2021.1/data/ip'.
open_project: Time (s): cpu = 00:00:27 ; elapsed = 00:00:12 . Memory (MB): peak = 1455.492 ; gain = 0.000
update_compile_order -fileset sources_1
exit
INFO: [Common 17-206] Exiting Vivado at Thu Nov 24 14:53:25 2022...
